Using pre-set license

 COMMAND LINE ARGUMENTS:
/Applications/Unity/Hub/Editor/2020.2.6f1/Unity.app/Contents/MacOS/Unity
-adb2
-batchMode
-noUpm
-name
AssetImportWorker1
-projectPath
/Users/aristofanis/Desktop/UNITY-PROJECTS/DifferentTypesOfMovement
-logFile
Logs/AssetImportWorker1.log
-srvPort
52139
Successfully changed project path to: /Users/aristofanis/Desktop/UNITY-PROJECTS/DifferentTypesOfMovement
/Users/aristofanis/Desktop/UNITY-PROJECTS/DifferentTypesOfMovement
Using Asset Import Pipeline V2.
Refreshing native plugins compatible for Editor in 24.02 ms, found 1 plugins.
Preloading 0 native plugins for Editor in 0.00 ms.
Initialize engine version: 2020.2.6f1 (8a2143876886)
[Subsystems] Discovering subsystems at path /Applications/Unity/Hub/Editor/2020.2.6f1/Unity.app/Contents/Resources/UnitySubsystems
[Subsystems] Discovering subsystems at path /Users/aristofanis/Desktop/UNITY-PROJECTS/DifferentTypesOfMovement/Assets
GfxDevice: creating device client; threaded=0
2021-04-23 15:38:26.890 Unity[94967:7134624] Color LCD preferred device: AMD Radeon Pro 560X (high power)
2021-04-23 15:38:26.890 Unity[94967:7134624] Metal devices available: 2
2021-04-23 15:38:26.890 Unity[94967:7134624] 0: AMD Radeon Pro 560X (high power)
2021-04-23 15:38:26.890 Unity[94967:7134624] 1: Intel(R) UHD Graphics 630 (low power)
2021-04-23 15:38:26.891 Unity[94967:7134624] Using device AMD Radeon Pro 560X (high power)
Initializing Metal device caps: AMD Radeon Pro 560X
Initialize mono
Mono path[0] = '/Applications/Unity/Hub/Editor/2020.2.6f1/Unity.app/Contents/Managed'
Mono path[1] = '/Applications/Unity/Hub/Editor/2020.2.6f1/Unity.app/Contents/MonoBleedingEdge/lib/mono/unityjit'
Mono config path = '/Applications/Unity/Hub/Editor/2020.2.6f1/Unity.app/Contents/MonoBleedingEdge/etc'
Using monoOptions --debugger-agent=transport=dt_socket,embedding=1,server=y,suspend=n,address=127.0.0.1:56967
Begin MonoManager ReloadAssembly
Registering precompiled unity dll's ...
Register platform support module: /Applications/Unity/Hub/Editor/2020.2.6f1/PlaybackEngines/WebGLSupport/UnityEditor.WebGL.Extensions.dll
Register platform support module: /Applications/Unity/Hub/Editor/2020.2.6f1/Unity.app/Contents/PlaybackEngines/MacStandaloneSupport/UnityEditor.OSXStandalone.Extensions.dll
Register platform support module: /Applications/Unity/Hub/Editor/2020.2.6f1/PlaybackEngines/WindowsStandaloneSupport/UnityEditor.WindowsStandalone.Extensions.dll
Registered in 0.000958 seconds.
Native extension for WindowsStandalone target not found
Native extension for OSXStandalone target not found
Native extension for WebGL target not found
Refreshing native plugins compatible for Editor in 23.14 ms, found 1 plugins.
Preloading 0 native plugins for Editor in 0.00 ms.
Invoked RoslynAnalysisRunner static constructor.
RoslynAnalysisRunner will not be running.
RoslynAnalysisRunner has terminated.
Mono: successfully reloaded assembly
- Completed reload, in  4.162 seconds
Platform modules already initialized, skipping
Registering precompiled user dll's ...
Registered in 0.000305 seconds.
Begin MonoManager ReloadAssembly
Native extension for WindowsStandalone target not found
Native extension for OSXStandalone target not found
Native extension for WebGL target not found
Refreshing native plugins compatible for Editor in 0.20 ms, found 1 plugins.
Preloading 0 native plugins for Editor in 0.00 ms.
Invoked RoslynAnalysisRunner static constructor.
RoslynAnalysisRunner will not be running.
RoslynAnalysisRunner has terminated.
Mono: successfully reloaded assembly
- Completed reload, in  0.924 seconds
Platform modules already initialized, skipping
========================================================================
Worker process is ready to serve import requests
Launching external process: /Applications/Unity/Hub/Editor/2020.2.6f1/Unity.app/Contents/Tools/UnityShaderCompiler
Launched and connected shader compiler UnityShaderCompiler after 0.01 seconds
Refreshing native plugins compatible for Editor in 0.19 ms, found 1 plugins.
Preloading 0 native plugins for Editor in 0.00 ms.
Unloading 1254 Unused Serialized files (Serialized files now loaded: 0)
System memory in use before: 134.3 MB.
System memory in use after: 134.4 MB.

Unloading 11 unused Assets to reduce memory usage. Loaded Objects now: 1710.
Total: 1.864757 ms (FindLiveObjects: 0.138250 ms CreateObjectMapping: 0.034845 ms MarkObjects: 1.593343 ms  DeleteObjects: 0.097504 ms)

========================================================================
Received Import Request.
  path: Assets/Prefabs/Bullet.prefab
  artifactKey: Guid(8be37c19fb63b49a4a38e2a60073ffee) Importer(815301076,1909f56bfc062723c751e8b465ee728b)
Start importing Assets/Prefabs/Bullet.prefab using Guid(8be37c19fb63b49a4a38e2a60073ffee) Importer(815301076,1909f56bfc062723c751e8b465ee728b)  -> (artifact id: 'e4f0a62116e7aa1c23eb90b8e4c6fb87') in 0.914750 seconds
  Import took 0.918833 seconds .

========================================================================
Received Import Request.
  Time since last request: 0.354387 seconds.
  path: Assets/Prefabs/Bullet.prefab
  artifactKey: Guid(8be37c19fb63b49a4a38e2a60073ffee) Importer(815301076,1909f56bfc062723c751e8b465ee728b)
Start importing Assets/Prefabs/Bullet.prefab using Guid(8be37c19fb63b49a4a38e2a60073ffee) Importer(815301076,1909f56bfc062723c751e8b465ee728b)  -> (artifact id: 'efc4706b1d30d7f78096495c4f664608') in 0.023332 seconds
  Import took 0.025640 seconds .

========================================================================
Received Import Request.
  Time since last request: 6.732396 seconds.
  path: Assets/Materials/Black.mat
  artifactKey: Guid(dae4be8e890fe44bcb29f38d192c4bed) Importer(815301076,1909f56bfc062723c751e8b465ee728b)
Start importing Assets/Materials/Black.mat using Guid(dae4be8e890fe44bcb29f38d192c4bed) Importer(815301076,1909f56bfc062723c751e8b465ee728b)  -> (artifact id: '29ce8f4438861f5c9279551b6d13239b') in 0.371993 seconds
  Import took 0.375268 seconds .

========================================================================
Received Import Request.
  Time since last request: 25.724739 seconds.
  path: Assets/Prefabs/Bullet.prefab
  artifactKey: Guid(8be37c19fb63b49a4a38e2a60073ffee) Importer(815301076,1909f56bfc062723c751e8b465ee728b)
Start importing Assets/Prefabs/Bullet.prefab using Guid(8be37c19fb63b49a4a38e2a60073ffee) Importer(815301076,1909f56bfc062723c751e8b465ee728b)  -> (artifact id: 'e4db737c9fb4416f1be1314b01a369ca') in 0.082890 seconds
  Import took 0.086387 seconds .

========================================================================
Received Prepare
Registering precompiled user dll's ...
Registered in 0.000363 seconds.
Begin MonoManager ReloadAssembly
Native extension for WindowsStandalone target not found
Native extension for OSXStandalone target not found
Native extension for WebGL target not found
Refreshing native plugins compatible for Editor in 0.24 ms, found 1 plugins.
Preloading 0 native plugins for Editor in 0.00 ms.
Invoked RoslynAnalysisRunner static constructor.
RoslynAnalysisRunner will not be running.
RoslynAnalysisRunner has terminated.
Mono: successfully reloaded assembly
- Completed reload, in  0.861 seconds
Platform modules already initialized, skipping
Refreshing native plugins compatible for Editor in 0.18 ms, found 1 plugins.
Preloading 0 native plugins for Editor in 0.00 ms.
Unloading 1248 Unused Serialized files (Serialized files now loaded: 0)
System memory in use before: 146.8 MB.
System memory in use after: 146.9 MB.

Unloading 7 unused Assets to reduce memory usage. Loaded Objects now: 1754.
Total: 2.158412 ms (FindLiveObjects: 0.209812 ms CreateObjectMapping: 0.060221 ms MarkObjects: 1.793515 ms  DeleteObjects: 0.093537 ms)

========================================================================
Received Import Request.
  Time since last request: 5.760091 seconds.
  path: Assets/Prefabs/Bullet.prefab
  artifactKey: Guid(8be37c19fb63b49a4a38e2a60073ffee) Importer(815301076,1909f56bfc062723c751e8b465ee728b)
Start importing Assets/Prefabs/Bullet.prefab using Guid(8be37c19fb63b49a4a38e2a60073ffee) Importer(815301076,1909f56bfc062723c751e8b465ee728b)  -> (artifact id: '5c5a806de52ab6cae64e4bbc6e7f6528') in 0.069829 seconds
  Import took 0.072486 seconds .

========================================================================
Received Prepare
Registering precompiled user dll's ...
Registered in 0.000321 seconds.
Begin MonoManager ReloadAssembly
Native extension for WindowsStandalone target not found
Native extension for OSXStandalone target not found
Native extension for WebGL target not found
Refreshing native plugins compatible for Editor in 0.19 ms, found 1 plugins.
Preloading 0 native plugins for Editor in 0.00 ms.
Invoked RoslynAnalysisRunner static constructor.
RoslynAnalysisRunner will not be running.
RoslynAnalysisRunner has terminated.
Mono: successfully reloaded assembly
- Completed reload, in  0.849 seconds
Platform modules already initialized, skipping
Refreshing native plugins compatible for Editor in 0.19 ms, found 1 plugins.
Preloading 0 native plugins for Editor in 0.00 ms.
Unloading 1247 Unused Serialized files (Serialized files now loaded: 0)
System memory in use before: 146.9 MB.
System memory in use after: 147.0 MB.

Unloading 6 unused Assets to reduce memory usage. Loaded Objects now: 1757.
Total: 1.479639 ms (FindLiveObjects: 0.260097 ms CreateObjectMapping: 0.035325 ms MarkObjects: 1.133381 ms  DeleteObjects: 0.050176 ms)

========================================================================
Received Prepare
Registering precompiled user dll's ...
Registered in 0.000378 seconds.
Begin MonoManager ReloadAssembly
Native extension for WindowsStandalone target not found
Native extension for OSXStandalone target not found
Native extension for WebGL target not found
Refreshing native plugins compatible for Editor in 0.20 ms, found 1 plugins.
Preloading 0 native plugins for Editor in 0.00 ms.
Invoked RoslynAnalysisRunner static constructor.
RoslynAnalysisRunner will not be running.
RoslynAnalysisRunner has terminated.
Mono: successfully reloaded assembly
- Completed reload, in  0.838 seconds
Platform modules already initialized, skipping
Refreshing native plugins compatible for Editor in 0.19 ms, found 1 plugins.
Preloading 0 native plugins for Editor in 0.00 ms.
Unloading 1247 Unused Serialized files (Serialized files now loaded: 0)
System memory in use before: 147.1 MB.
System memory in use after: 147.2 MB.

Unloading 6 unused Assets to reduce memory usage. Loaded Objects now: 1759.
Total: 1.750696 ms (FindLiveObjects: 0.170451 ms CreateObjectMapping: 0.051666 ms MarkObjects: 1.458384 ms  DeleteObjects: 0.068752 ms)

========================================================================
Received Prepare
Registering precompiled user dll's ...
Registered in 0.000364 seconds.
Begin MonoManager ReloadAssembly
Native extension for WindowsStandalone target not found
Native extension for OSXStandalone target not found
Native extension for WebGL target not found
Refreshing native plugins compatible for Editor in 0.19 ms, found 1 plugins.
Preloading 0 native plugins for Editor in 0.00 ms.
Invoked RoslynAnalysisRunner static constructor.
RoslynAnalysisRunner will not be running.
RoslynAnalysisRunner has terminated.
Mono: successfully reloaded assembly
- Completed reload, in  0.855 seconds
Platform modules already initialized, skipping
Refreshing native plugins compatible for Editor in 0.19 ms, found 1 plugins.
Preloading 0 native plugins for Editor in 0.00 ms.
Unloading 1247 Unused Serialized files (Serialized files now loaded: 0)
System memory in use before: 147.3 MB.
System memory in use after: 147.4 MB.

Unloading 6 unused Assets to reduce memory usage. Loaded Objects now: 1761.
Total: 1.852268 ms (FindLiveObjects: 0.250786 ms CreateObjectMapping: 0.036974 ms MarkObjects: 1.504228 ms  DeleteObjects: 0.059552 ms)

========================================================================
Received Prepare
Registering precompiled user dll's ...
Registered in 0.000376 seconds.
Begin MonoManager ReloadAssembly
Native extension for WindowsStandalone target not found
Native extension for OSXStandalone target not found
Native extension for WebGL target not found
Refreshing native plugins compatible for Editor in 0.19 ms, found 1 plugins.
Preloading 0 native plugins for Editor in 0.00 ms.
Invoked RoslynAnalysisRunner static constructor.
RoslynAnalysisRunner will not be running.
RoslynAnalysisRunner has terminated.
Mono: successfully reloaded assembly
- Completed reload, in  0.794 seconds
Platform modules already initialized, skipping
Refreshing native plugins compatible for Editor in 0.18 ms, found 1 plugins.
Preloading 0 native plugins for Editor in 0.00 ms.
Unloading 1247 Unused Serialized files (Serialized files now loaded: 0)
System memory in use before: 147.6 MB.
System memory in use after: 147.6 MB.

Unloading 6 unused Assets to reduce memory usage. Loaded Objects now: 1763.
Total: 2.022382 ms (FindLiveObjects: 0.201552 ms CreateObjectMapping: 0.051948 ms MarkObjects: 1.690166 ms  DeleteObjects: 0.077262 ms)

========================================================================
Received Import Request.
  Time since last request: 81.392027 seconds.
  path: Assets/Prefabs/Bullet.prefab
  artifactKey: Guid(8be37c19fb63b49a4a38e2a60073ffee) Importer(815301076,1909f56bfc062723c751e8b465ee728b)
Start importing Assets/Prefabs/Bullet.prefab using Guid(8be37c19fb63b49a4a38e2a60073ffee) Importer(815301076,1909f56bfc062723c751e8b465ee728b)  -> (artifact id: 'b8acb9910f82d9cbd86b403ffa9e3466') in 0.067163 seconds
  Import took 0.070306 seconds .

========================================================================
Received Import Request.
  Time since last request: 1.862292 seconds.
  path: Assets/Prefabs/Bullet.prefab
  artifactKey: Guid(8be37c19fb63b49a4a38e2a60073ffee) Importer(815301076,1909f56bfc062723c751e8b465ee728b)
Start importing Assets/Prefabs/Bullet.prefab using Guid(8be37c19fb63b49a4a38e2a60073ffee) Importer(815301076,1909f56bfc062723c751e8b465ee728b)  -> (artifact id: '9f521526ff65515360d36df7c0b3f6ef') in 0.026453 seconds
  Import took 0.028777 seconds .

========================================================================
Received Import Request.
  Time since last request: 1.685350 seconds.
  path: Assets/Prefabs/Bullet.prefab
  artifactKey: Guid(8be37c19fb63b49a4a38e2a60073ffee) Importer(815301076,1909f56bfc062723c751e8b465ee728b)
Start importing Assets/Prefabs/Bullet.prefab using Guid(8be37c19fb63b49a4a38e2a60073ffee) Importer(815301076,1909f56bfc062723c751e8b465ee728b)  -> (artifact id: 'c9f60c991aa503439d9c2bee7a556288') in 0.025232 seconds
  Import took 0.027444 seconds .

========================================================================
Received Prepare
Registering precompiled user dll's ...
Registered in 0.000313 seconds.
Begin MonoManager ReloadAssembly
Native extension for WindowsStandalone target not found
Native extension for OSXStandalone target not found
Native extension for WebGL target not found
Refreshing native plugins compatible for Editor in 0.19 ms, found 1 plugins.
Preloading 0 native plugins for Editor in 0.00 ms.
Invoked RoslynAnalysisRunner static constructor.
RoslynAnalysisRunner will not be running.
RoslynAnalysisRunner has terminated.
Mono: successfully reloaded assembly
- Completed reload, in  0.859 seconds
Platform modules already initialized, skipping
Refreshing native plugins compatible for Editor in 0.22 ms, found 1 plugins.
Preloading 0 native plugins for Editor in 0.00 ms.
Unloading 1247 Unused Serialized files (Serialized files now loaded: 0)
System memory in use before: 147.8 MB.
System memory in use after: 147.9 MB.

Unloading 6 unused Assets to reduce memory usage. Loaded Objects now: 1766.
Total: 1.881623 ms (FindLiveObjects: 0.163361 ms CreateObjectMapping: 0.044076 ms MarkObjects: 1.600012 ms  DeleteObjects: 0.073185 ms)

========================================================================
Received Import Request.
  Time since last request: 26.870697 seconds.
  path: Assets/Prefabs/Bullet.prefab
  artifactKey: Guid(8be37c19fb63b49a4a38e2a60073ffee) Importer(815301076,1909f56bfc062723c751e8b465ee728b)
Start importing Assets/Prefabs/Bullet.prefab using Guid(8be37c19fb63b49a4a38e2a60073ffee) Importer(815301076,1909f56bfc062723c751e8b465ee728b)  -> (artifact id: '17fdcc68dd04c135269251f124239f40') in 0.061187 seconds
  Import took 0.063226 seconds .

========================================================================
Received Import Request.
  Time since last request: 1.670448 seconds.
  path: Assets/Prefabs/Bullet.prefab
  artifactKey: Guid(8be37c19fb63b49a4a38e2a60073ffee) Importer(815301076,1909f56bfc062723c751e8b465ee728b)
Start importing Assets/Prefabs/Bullet.prefab using Guid(8be37c19fb63b49a4a38e2a60073ffee) Importer(815301076,1909f56bfc062723c751e8b465ee728b)  -> (artifact id: '17fdcc68dd04c135269251f124239f40') in 0.010199 seconds
  Import took 0.012284 seconds .

========================================================================
Received Prepare
Registering precompiled user dll's ...
Registered in 0.000268 seconds.
Begin MonoManager ReloadAssembly
Native extension for WindowsStandalone target not found
Native extension for OSXStandalone target not found
Native extension for WebGL target not found
Refreshing native plugins compatible for Editor in 0.19 ms, found 1 plugins.
Preloading 0 native plugins for Editor in 0.00 ms.
Invoked RoslynAnalysisRunner static constructor.
RoslynAnalysisRunner will not be running.
RoslynAnalysisRunner has terminated.
Mono: successfully reloaded assembly
- Completed reload, in  0.832 seconds
Platform modules already initialized, skipping
Refreshing native plugins compatible for Editor in 0.18 ms, found 1 plugins.
Preloading 0 native plugins for Editor in 0.00 ms.
Unloading 1247 Unused Serialized files (Serialized files now loaded: 0)
System memory in use before: 148.1 MB.
System memory in use after: 148.2 MB.

Unloading 6 unused Assets to reduce memory usage. Loaded Objects now: 1769.
Total: 1.692622 ms (FindLiveObjects: 0.166686 ms CreateObjectMapping: 0.044831 ms MarkObjects: 1.403579 ms  DeleteObjects: 0.076321 ms)

========================================================================
Received Prepare
Registering precompiled user dll's ...
Registered in 0.000345 seconds.
Begin MonoManager ReloadAssembly
Native extension for WindowsStandalone target not found
Native extension for OSXStandalone target not found
Native extension for WebGL target not found
Refreshing native plugins compatible for Editor in 0.30 ms, found 1 plugins.
Preloading 0 native plugins for Editor in 0.00 ms.
Invoked RoslynAnalysisRunner static constructor.
RoslynAnalysisRunner will not be running.
RoslynAnalysisRunner has terminated.
Mono: successfully reloaded assembly
- Completed reload, in  0.776 seconds
Platform modules already initialized, skipping
Refreshing native plugins compatible for Editor in 0.18 ms, found 1 plugins.
Preloading 0 native plugins for Editor in 0.00 ms.
Unloading 1247 Unused Serialized files (Serialized files now loaded: 0)
System memory in use before: 148.3 MB.
System memory in use after: 148.4 MB.

Unloading 6 unused Assets to reduce memory usage. Loaded Objects now: 1771.
Total: 1.610298 ms (FindLiveObjects: 0.160959 ms CreateObjectMapping: 0.037124 ms MarkObjects: 1.335293 ms  DeleteObjects: 0.075671 ms)

AssetImportWorkerClient::OnTransportError - code=2 error=End of file
